# 线上版本发布记录

liubo 2020-3-8 20:49:56: dev => b18514f - liubo, Sun Mar 8 20:49:24 2020 +0800--style: 更换依赖顺序解决打包警告
wangsiyi 2020-3-8 23:43:46: dev => 72024d4 - wangsiyi, Sun Mar 8 22:58:31 2020 +0800--style: 链接不换行
wangsiyi 2020-3-13 16:55:09: dev => 55fbb04 - wangsiyi, Thu Mar 12 19:38:55 2020 +0800--style: 课程客服二维码弹框修改样式
wangsiyi 2020-3-14 20:52:10: dev => e49e9f7 - wangsiyi, Sat Mar 14 20:46:34 2020 +0800--refactor: 邀请海报根据设计图修改
wangsiyi 2020-3-21 15:10:11: dev => aab51bc - wangsiyi, Sat Mar 21 14:54:28 2020 +0800--refactor: 邀请海报修改为左右切换
wangsiyi 2020-3-21 21:12:33: dev => 8547157 - wangsiyi, Sat Mar 21 21:09:09 2020 +0800--refactor: 邀请海报增加图片错误提示并提前结束画图 详情页视频播放再加载
wangsiyi 2020-3-23 20:16:17: dev => 22672e4 - wangsiyi, Mon Mar 23 14:15:45 2020 +0800--style: 海报分享删除有效时间
wangsiyi 2020-3-24 19:09:06: dev => dc15d29 - wangsiyi, Tue Mar 24 14:22:32 2020 +0800--refactor: 分享弹框所有改成邀请海报弹框
wangsiyi 2020-3-25 10:39:59: dev => 41c78cc - wangsiyi, Wed Mar 25 10:39:04 2020 +0800--style: 邀请海报修改图片名称
wangsiyi 2020-4-1 19:14:09: dev => 8183519 - wangsiyi, Wed Apr 1 19:11:41 2020 +0800--style: 邀请海报替换图片
wangsiyi 2020-4-14 15:02:03: dev => 20fd7a9 - wangsiyi, Tue Apr 14 14:55:13 2020 +0800--style: 邀请海报更换图片
tanmingyang 2020-5-3 11:12:22: dev => ed8b1cd - tanmingyang, Sun May 3 11:10:27 2020 +0800--refactor: 修改社群详情页面视频播放改成弹窗播放
wangsiyi 2020-5-4 9:26:20 AM: dev => 6c24cc9 - wangsiyi, Mon May 4 09:25:14 2020 +0800--style: 更换邀请海报图片
tanmingyang 2020-5-4 14:00:07: dev => deb7433 - tanmingyang, Mon May 4 13:59:43 2020 +0800--refactor: 修改社群详情页面，点击视频自动播放
wangsiyi 2020-5-14 9:39:11 AM: dev => 7c171cd - wangsiyi, Thu May 14 09:37:54 2020 +0800--style: 邀请海报替换图片

tanmingyang 2020-5-18 18:36:12: next => a955cf9 - tanmingyang, Mon May 18 18:34:53 2020 +0800--fix: 修复直接进入考试页面，离开时会显示提示框问题
wangsiyi 2020-5-19 11:16:14 AM: next => 8d7e509 - wangsiyi, Tue May 19 11:08:24 2020 +0800--refactor: 课程详情立即购买修改客服二维码
wangsiyi 2020-5-20 11:48:04 AM: next => 52424af - wangsiyi, Wed May 20 11:46:07 2020 +0800--refactor: 自动成交页添加背景音乐
tanmingyang 2020-5-21 13:45:30: next => 082882f - tanmingyang, Thu May 21 13:43:39 2020 +0800--fix: 修复视频断网后播放错误
wangsiyi 2020-5-21 6:12:32 PM: next => 8f6b716 - wangsiyi, Thu May 21 18:07:59 2020 +0800--style: 修改样式
tanmingyang 2020-5-22 17:36:14: next => 0eeaa34 - tanmingyang, Fri May 22 17:28:15 2020 +0800--fix: 修复课程访问统计，视频播放的位置错误问题
tanmingyang 2020-5-22 17:48:59: next => 81e5df7 - tanmingyang, Fri May 22 17:48:17 2020 +0800--style: 修改学习中心专栏、单课列表样式